<?xml version="1.0" encoding="UTF-8"?>
<!-- Generated by org.testng.reporters.JUnitXMLReporter -->
<testsuite ignored="4" hostname="ROYZ" failures="0" tests="2" name="API Tests" time="3.113" errors="0" timestamp="2025-06-05T11:48:57 IST">
  <testcase classname="com.roy.api.tests.APITests" name="testGetUser" time="1.481"/>
  <testcase classname="com.roy.api.tests.APITestPojo" name="testCreateUser" time="1.572"/>
  <testcase classname="com.roy.api.tests.APITests" name="testGetRequest" time="0.0">
    <ignored/>
  </testcase> <!-- testGetRequest -->
  <testcase classname="com.roy.base.BaseTest" name="@AfterSuite afterSuite" time="0.0">
    <ignored/>
  </testcase> <!-- @AfterSuite afterSuite -->
  <testcase classname="com.roy.api.tests.APITests" name="testPostRequest" time="0.0">
    <ignored/>
  </testcase> <!-- testPostRequest -->
  <testcase classname="com.roy.base.BaseTest" name="@BeforeSuite beforeSuite" time="0.0">
    <ignored/>
  </testcase> <!-- @BeforeSuite beforeSuite -->
</testsuite> <!-- API Tests -->
