<?xml version="1.0" encoding="UTF-8"?>
<testsuite xmlns:xsi="http://www.w3.org/2001/XMLSchema-instance" xsi:noNamespaceSchemaLocation="https://maven.apache.org/surefire/maven-surefire-plugin/xsd/surefire-test-report-3.0.xsd" version="3.0" name="TestSuite" time="5.762" tests="2" errors="0" skipped="0" failures="0">
  <properties>
[...]
</properties>
  <testcase name="testGetUser" classname="com.roy.api.tests.APITests" time="1.479">
    <system-out><![CDATA[11:48:54.161 [main] INFO  com.roy.listeners.TestListener - =========== STARTING TEST SUITE: API Tests ===========
11:48:54.202 [main] INFO  com.roy.base.BaseTest - Starting test: testGetUser
11:48:54.204 [main] INFO  com.roy.listeners.TestListener - ===================================================================
11:48:54.204 [main] INFO  com.roy.listeners.TestListener - Starting Test: testGetUser
11:48:54.204 [main] INFO  com.roy.listeners.TestListener - Test Description: 
11:48:54.204 [main] INFO  com.roy.listeners.TestListener - Test Parameters: No parameters
11:48:54.205 [main] INFO  com.roy.listeners.TestListener - ===================================================================
11:48:54.211 [main] INFO  com.roy.base.BaseTest - Starting API test for GET /users?page=2
Request method:	GET
Request URI:	https://reqres.in/api/users?page=2
Proxy:			<none>
Request params:	<none>
Query params:	<none>
Form params:	<none>
Path params:	<none>
Headers:		Accept=*/*
				Content-Type=application/json
Cookies:		<none>
Multiparts:		<none>
Body:			<none>
HTTP/1.1 200 OK
Date: Thu, 05 Jun 2025 06:18:55 GMT
Content-Type: application/json; charset=utf-8
Transfer-Encoding: chunked
Connection: keep-alive
Cf-Ray: 94ad8e329a567fa7-MAA
Server: cloudflare
Content-Encoding: gzip
Report-To: {"group":"heroku-nel","max_age":3600,"endpoints":[{"url":"https://nel.heroku.com/reports?ts=1749094408&sid=c4c9725f-1ab0-44d8-820f-430df2718e11&s=7GidsYjtJaiAxeYethFpUBW5qkdUKpgb6fJjFrpOmzI%3D"}]}
Reporting-Endpoints: heroku-nel=https://nel.heroku.com/reports?ts=1749094408&sid=c4c9725f-1ab0-44d8-820f-430df2718e11&s=7GidsYjtJaiAxeYethFpUBW5qkdUKpgb6fJjFrpOmzI%3D
Nel: {"report_to":"heroku-nel","max_age":3600,"success_fraction":0.005,"failure_fraction":0.05,"response_headers":["Via"]}
X-Powered-By: Express
Access-Control-Allow-Origin: *
Ratelimit-Policy: 100;w=60
Ratelimit-Limit: 100
Ratelimit-Remaining: 90
Ratelimit-Reset: 60
Etag: W/"440-ZjsmMKR8P3usr2uJZbOCGCxC3Uw"
Via: 1.1 vegur
Cache-Control: max-age=14400
Cf-Cache-Status: HIT
Age: 2725
Vary: Accept-Encoding
server-timing: cfL4;desc="?proto=TCP&rtt=39688&min_rtt=38077&rtt_var=15430&sent=6&recv=6&lost=0&retrans=0&sent_bytes=3105&recv_bytes=783&delivery_rate=98484&cwnd=252&unsent_bytes=0&cid=a1e91beeb2e7566a&ts=155&x=0"

{
    "page": 2,
    "per_page": 6,
    "total": 12,
    "total_pages": 2,
    "data": [
        {
            "id": 7,
            "email": "michael.lawson@reqres.in",
            "first_name": "Michael",
            "last_name": "Lawson",
            "avatar": "https://reqres.in/img/faces/7-image.jpg"
        },
        {
            "id": 8,
            "email": "lindsay.ferguson@reqres.in",
            "first_name": "Lindsay",
            "last_name": "Ferguson",
            "avatar": "https://reqres.in/img/faces/8-image.jpg"
        },
        {
            "id": 9,
            "email": "tobias.funke@reqres.in",
            "first_name": "Tobias",
            "last_name": "Funke",
            "avatar": "https://reqres.in/img/faces/9-image.jpg"
        },
        {
            "id": 10,
            "email": "byron.fields@reqres.in",
            "first_name": "Byron",
            "last_name": "Fields",
            "avatar": "https://reqres.in/img/faces/10-image.jpg"
        },
        {
            "id": 11,
            "email": "george.edwards@reqres.in",
            "first_name": "George",
            "last_name": "Edwards",
            "avatar": "https://reqres.in/img/faces/11-image.jpg"
        },
        {
            "id": 12,
            "email": "rachel.howell@reqres.in",
            "first_name": "Rachel",
            "last_name": "Howell",
            "avatar": "https://reqres.in/img/faces/12-image.jpg"
        }
    ],
    "support": {
        "url": "https://contentcaddy.io?utm_source=reqres&utm_medium=json&utm_campaign=referral",
        "text": "Tired of writing endless social media content? Let Content Caddy generate it for you."
    }
}
]]></system-out>
    <system-err><![CDATA[SLF4J: Failed to load class "org.slf4j.impl.StaticLoggerBinder".
SLF4J: Defaulting to no-operation (NOP) logger implementation
SLF4J: See http://www.slf4j.org/codes.html#StaticLoggerBinder for further details.
]]></system-err>
  </testcase>
  <testcase name="testCreateUser" classname="com.roy.api.tests.APITestPojo" time="1.569">
    <system-out><![CDATA[11:48:55.689 [main] INFO  com.roy.listeners.TestListener - Test PASSED: testGetUser
11:48:55.691 [main] INFO  com.roy.base.BaseTest - Test Passed
11:48:55.694 [main] INFO  com.roy.base.BaseTest - Starting test: testCreateUser
11:48:55.694 [main] INFO  com.roy.listeners.TestListener - ===================================================================
11:48:55.695 [main] INFO  com.roy.listeners.TestListener - Starting Test: testCreateUser
11:48:55.695 [main] INFO  com.roy.listeners.TestListener - Test Description: 
11:48:55.695 [main] INFO  com.roy.listeners.TestListener - Test Parameters: No parameters
11:48:55.695 [main] INFO  com.roy.listeners.TestListener - ===================================================================
11:48:55.701 [main] INFO  com.roy.api.tests.APITestPojo - Request payload: com.roy.api.pojo.ReqResPost@2d7637e6
Request method:	POST
Request URI:	https://reqres.in/api/users
Proxy:			<none>
Request params:	<none>
Query params:	<none>
Form params:	<none>
Path params:	<none>
Headers:		x-api-key=reqres-free-v1
				Accept=*/*
				Content-Type=application/json
Cookies:		<none>
Multiparts:		<none>
Body:
{
    "name": "morpheus",
    "job": "leader"
}
HTTP/1.1 201 Created
Date: Thu, 05 Jun 2025 06:18:56 GMT
Content-Type: application/json; charset=utf-8
Content-Length: 84
Connection: keep-alive
Server: cloudflare
Cf-Ray: 94ad8e381c067f13-MAA
Report-To: {"group":"heroku-nel","max_age":3600,"endpoints":[{"url":"https://nel.heroku.com/reports?ts=1749104336&sid=c4c9725f-1ab0-44d8-820f-430df2718e11&s=2keysCfUPeptbAEKiAHrC71q5yjuiW6A%2BxToGfrOSgY%3D"}]}
Reporting-Endpoints: heroku-nel=https://nel.heroku.com/reports?ts=1749104336&sid=c4c9725f-1ab0-44d8-820f-430df2718e11&s=2keysCfUPeptbAEKiAHrC71q5yjuiW6A%2BxToGfrOSgY%3D
Nel: {"report_to":"heroku-nel","max_age":3600,"success_fraction":0.005,"failure_fraction":0.05,"response_headers":["Via"]}
X-Powered-By: Express
Access-Control-Allow-Origin: *
Ratelimit-Policy: 100;w=60
Ratelimit-Limit: 100
Ratelimit-Remaining: 98
Ratelimit-Reset: 60
Etag: W/"54-ASPzsWJnKZJolgzRrIM9OJ2uF6c"
Via: 1.1 vegur
Cf-Cache-Status: DYNAMIC
server-timing: cfL4;desc="?proto=TCP&rtt=44823&min_rtt=44102&rtt_var=17054&sent=5&recv=6&lost=0&retrans=0&sent_bytes=3105&recv_bytes=858&delivery_rate=85030&cwnd=252&unsent_bytes=0&cid=492bdfd8ff2d5dc2&ts=362&x=0"

{
    "name": "morpheus",
    "job": "leader",
    "id": "280",
    "createdAt": "2025-06-05T06:18:56.898Z"
}
11:48:57.264 [main] INFO  com.roy.api.tests.APITestPojo - Response received: com.roy.api.pojoresponse.ResponseRespost@46702c26
]]></system-out>
  </testcase>
</testsuite>