<?xml version="1.0" encoding="UTF-8"?>
<testng-results ignored="4" total="6" passed="2" failed="0" skipped="0">
  <reporter-output>
  </reporter-output>
  <suite started-at="2025-06-05T11:48:54 IST" name="Selenium and REST Assured Tests" finished-at="2025-06-05T11:48:57 IST" duration-ms="3113">
    <groups>
    </groups>
    <test started-at="2025-06-05T11:48:54 IST" name="API Tests" finished-at="2025-06-05T11:48:57 IST" duration-ms="3113">
      <class name="com.roy.api.tests.APITests">
        <test-method is-config="true" signature="beforeSuite()[pri:0, instance:com.roy.api.tests.APITests@40dd3977]" started-at="2025-06-05T11:48:53 IST" name="beforeSuite" finished-at="2025-06-05T11:48:54 IST" duration-ms="456" status="PASS">
          <reporter-output>
          </reporter-output>
        </test-method> <!-- beforeSuite -->
        <test-method is-config="true" signature="beforeMethod(java.lang.reflect.Method,org.testng.ITestContext)[pri:0, instance:com.roy.api.tests.APITests@40dd3977]" started-at="2025-06-05T11:48:54 IST" name="beforeMethod" finished-at="2025-06-05T11:48:54 IST" duration-ms="8" status="PASS">
          <params>
            <param index="0">
              <value>
                <![CDATA[public void com.roy.api.tests.APITests.testGetUser()]]>
              </value>
            </param>
            <param index="1">
              <value>
                <![CDATA[org.testng.TestRunner@35454c7a]]>
              </value>
            </param>
          </params>
          <reporter-output>
          </reporter-output>
        </test-method> <!-- beforeMethod -->
        <test-method signature="testGetUser()[pri:0, instance:com.roy.api.tests.APITests@40dd3977]" started-at="2025-06-05T11:48:54 IST" name="testGetUser" finished-at="2025-06-05T11:48:55 IST" duration-ms="1481" status="PASS">
          <reporter-output>
          </reporter-output>
        </test-method> <!-- testGetUser -->
        <test-method is-config="true" signature="afterMethod(org.testng.ITestResult)[pri:0, instance:com.roy.api.tests.APITests@40dd3977]" started-at="2025-06-05T11:48:55 IST" name="afterMethod" finished-at="2025-06-05T11:48:55 IST" duration-ms="1" status="PASS">
          <params>
            <param index="0">
              <value>
                <![CDATA[[TestResult name=testGetUser status=SUCCESS method=APITests.testGetUser()[pri:0, instance:com.roy.api.tests.APITests@40dd3977] output={null}]]]>
              </value>
            </param>
          </params>
          <reporter-output>
          </reporter-output>
        </test-method> <!-- afterMethod -->
        <test-method is-config="true" signature="afterSuite()[pri:0, instance:com.roy.api.tests.APITests@40dd3977]" started-at="2025-06-05T11:48:57 IST" name="afterSuite" finished-at="2025-06-05T11:48:57 IST" duration-ms="75" status="PASS">
          <reporter-output>
          </reporter-output>
        </test-method> <!-- afterSuite -->
      </class> <!-- com.roy.api.tests.APITests -->
      <class name="com.roy.api.tests.APITestPojo">
        <test-method is-config="true" signature="beforeMethod(java.lang.reflect.Method,org.testng.ITestContext)[pri:0, instance:com.roy.api.tests.APITestPojo@6c6357f9]" started-at="2025-06-05T11:48:55 IST" name="beforeMethod" finished-at="2025-06-05T11:48:55 IST" duration-ms="1" status="PASS">
          <params>
            <param index="0">
              <value>
                <![CDATA[public void com.roy.api.tests.APITestPojo.testCreateUser() throws com.fasterxml.jackson.core.JsonProcessingException]]>
              </value>
            </param>
            <param index="1">
              <value>
                <![CDATA[org.testng.TestRunner@35454c7a]]>
              </value>
            </param>
          </params>
          <reporter-output>
          </reporter-output>
        </test-method> <!-- beforeMethod -->
        <test-method signature="testCreateUser()[pri:0, instance:com.roy.api.tests.APITestPojo@6c6357f9]" started-at="2025-06-05T11:48:55 IST" name="testCreateUser" finished-at="2025-06-05T11:48:57 IST" duration-ms="1572" status="PASS">
          <reporter-output>
          </reporter-output>
        </test-method> <!-- testCreateUser -->
        <test-method is-config="true" signature="afterMethod(org.testng.ITestResult)[pri:0, instance:com.roy.api.tests.APITestPojo@6c6357f9]" started-at="2025-06-05T11:48:57 IST" name="afterMethod" finished-at="2025-06-05T11:48:57 IST" duration-ms="1" status="PASS">
          <params>
            <param index="0">
              <value>
                <![CDATA[[TestResult name=testCreateUser status=SUCCESS method=APITestPojo.testCreateUser()[pri:0, instance:com.roy.api.tests.APITestPojo@6c6357f9] output={null}]]]>
              </value>
            </param>
          </params>
          <reporter-output>
          </reporter-output>
        </test-method> <!-- afterMethod -->
      </class> <!-- com.roy.api.tests.APITestPojo -->
    </test> <!-- API Tests -->
  </suite> <!-- Selenium and REST Assured Tests -->
</testng-results>
